<?xml version="1.0" encoding="UTF-8"?>
<!-- Generated by org.testng.reporters.JUnitXMLReporter -->
<testsuite ignored="0" hostname="DESKTOP-M2EFE32" failures="0" tests="20" name="Default test" time="236.107" errors="0" timestamp="2024-01-20T19:23:48 IST">
  <testcase classname="com.amazon.testscript.Amazon_UI_Testing" name="TC_01" time="20.806"/>
  <testcase classname="com.amazon.testscript.Amazon_UI_Testing" name="TC_02" time="22.211"/>
  <testcase classname="com.amazon.testscript.Amazon_UI_Testing" name="TC_03" time="3.909"/>
  <testcase classname="com.amazon.testscript.Amazon_UI_Testing" name="TC_04" time="12.184"/>
  <testcase classname="com.amazon.testscript.Amazon_UI_Testing" name="TC_05" time="4.344"/>
  <testcase classname="com.amazon.testscript.Amazon_UI_Testing" name="TC_06" time="7.398"/>
  <testcase classname="com.amazon.testscript.Amazon_UI_Testing" name="TC_07" time="10.2"/>
  <testcase classname="com.amazon.testscript.Amazon_UI_Testing" name="TC_08" time="15.705"/>
  <testcase classname="com.amazon.testscript.Amazon_UI_Testing" name="TC_09" time="2.842"/>
  <testcase classname="com.amazon.testscript.Amazon_UI_Testing" name="TC_10" time="2.121"/>
  <testcase classname="com.amazon.testscript.Amazon_UI_Testing" name="TC_11" time="1.929"/>
  <testcase classname="com.amazon.testscript.Amazon_UI_Testing" name="TC_12" time="1.367"/>
  <testcase classname="com.amazon.testscript.Amazon_UI_Testing" name="TC_13" time="5.286"/>
  <testcase classname="com.amazon.testscript.Amazon_UI_Testing" name="TC_14" time="3.042"/>
  <testcase classname="com.amazon.testscript.Amazon_UI_Testing" name="TC_15" time="2.972"/>
  <testcase classname="com.amazon.testscript.Amazon_UI_Testing" name="TC_16" time="12.72"/>
  <testcase classname="com.amazon.testscript.Amazon_UI_Testing" name="TC_17" time="2.728"/>
  <testcase classname="com.amazon.testscript.Amazon_UI_Testing" name="TC_19" time="3.519"/>
  <testcase classname="com.amazon.testscript.Amazon_UI_Testing" name="TC_20" time="5.914"/>
  <testcase classname="com.amazon.testscript.Amazon_UI_Testing" name="TC_18" time="6.015"/>
</testsuite> <!-- Default test -->
