<?xml version="1.0" encoding="UTF-8"?>
<testng-results ignored="0" total="20" passed="19" failed="1" skipped="0">
  <reporter-output>
    <line>
      <![CDATA[Ratings of the product: 3.9]]>
    </line>
    <line>
      <![CDATA[Material composition]]>
    </line>
    <line>
      <![CDATA[Cotton]]>
    </line>
    <line>
      <![CDATA[Pattern]]>
    </line>
    <line>
      <![CDATA[Striped]]>
    </line>
    <line>
      <![CDATA[Fit type]]>
    </line>
    <line>
      <![CDATA[Regular Fit]]>
    </line>
    <line>
      <![CDATA[Sleeve type]]>
    </line>
    <line>
      <![CDATA[Half Sleeve]]>
    </line>
    <line>
      <![CDATA[Collar style]]>
    </line>
    <line>
      <![CDATA[Club Collar]]>
    </line>
    <line>
      <![CDATA[Length]]>
    </line>
    <line>
      <![CDATA[Standard Length]]>
    </line>
    <line>
      <![CDATA[Country of Origin]]>
    </line>
    <line>
      <![CDATA[India]]>
    </line>
    <line>
      <![CDATA[]]>
    </line>
    <line>
      <![CDATA[]]>
    </line>
    <line>
      <![CDATA[]]>
    </line>
    <line>
      <![CDATA[]]>
    </line>
    <line>
      <![CDATA[]]>
    </line>
    <line>
      <![CDATA[]]>
    </line>
    <line>
      <![CDATA[Cloudsoft innerwear for all day comfort]]>
    </line>
    <line>
      <![CDATA[Stylish Oversized T-Shirt to Wear Everyday]]>
    </line>
    <line>
      <![CDATA[Men's T-Shirt by Levis]]>
    </line>
    <line>
      <![CDATA[]]>
    </line>
    <line>
      <![CDATA[]]>
    </line>
    <line>
      <![CDATA[]]>
    </line>
    <line>
      <![CDATA[]]>
    </line>
    <line>
      <![CDATA[]]>
    </line>
    <line>
      <![CDATA[]]>
    </line>
    <line>
      <![CDATA[]]>
    </line>
    <line>
      <![CDATA[]]>
    </line>
    <line>
      <![CDATA[Pass]]>
    </line>
  </reporter-output>
  <suite started-at="2024-01-20T15:33:13 IST" name="Default suite" finished-at="2024-01-20T15:38:57 IST" duration-ms="343446">
    <groups>
    </groups>
    <test started-at="2024-01-20T15:33:13 IST" name="Default test" finished-at="2024-01-20T15:38:57 IST" duration-ms="343446">
      <class name="com.amazon.testscript.Amazon_UI_Testing">
        <test-method is-config="true" signature="openBrowser()[pri:0, instance:com.amazon.testscript.Amazon_UI_Testing@7c7b252e]" started-at="2024-01-20T15:33:13 IST" name="openBrowser" finished-at="2024-01-20T15:33:15 IST" duration-ms="1995" status="PASS">
          <reporter-output>
          </reporter-output>
        </test-method> <!-- openBrowser -->
        <test-method is-config="true" signature="triggerUrl()[pri:0, instance:com.amazon.testscript.Amazon_UI_Testing@7c7b252e]" started-at="2024-01-20T15:33:15 IST" name="triggerUrl" finished-at="2024-01-20T15:33:21 IST" duration-ms="5552" status="PASS">
          <reporter-output>
          </reporter-output>
        </test-method> <!-- triggerUrl -->
        <test-method signature="TC_01()[pri:0, instance:com.amazon.testscript.Amazon_UI_Testing@7c7b252e]" started-at="2024-01-20T15:33:21 IST" name="TC_01" finished-at="2024-01-20T15:33:55 IST" duration-ms="33734" status="PASS">
          <reporter-output>
          </reporter-output>
        </test-method> <!-- TC_01 -->
        <test-method is-config="true" signature="triggerUrl()[pri:0, instance:com.amazon.testscript.Amazon_UI_Testing@7c7b252e]" started-at="2024-01-20T15:33:55 IST" name="triggerUrl" finished-at="2024-01-20T15:34:07 IST" duration-ms="11975" status="PASS">
          <reporter-output>
          </reporter-output>
        </test-method> <!-- triggerUrl -->
        <test-method signature="TC_02()[pri:1, instance:com.amazon.testscript.Amazon_UI_Testing@7c7b252e]" started-at="2024-01-20T15:34:07 IST" name="TC_02" finished-at="2024-01-20T15:34:32 IST" duration-ms="25315" status="PASS">
          <reporter-output>
          </reporter-output>
        </test-method> <!-- TC_02 -->
        <test-method is-config="true" signature="triggerUrl()[pri:0, instance:com.amazon.testscript.Amazon_UI_Testing@7c7b252e]" started-at="2024-01-20T15:34:32 IST" name="triggerUrl" finished-at="2024-01-20T15:34:38 IST" duration-ms="5538" status="PASS">
          <reporter-output>
          </reporter-output>
        </test-method> <!-- triggerUrl -->
        <test-method signature="TC_03()[pri:2, instance:com.amazon.testscript.Amazon_UI_Testing@7c7b252e]" started-at="2024-01-20T15:34:38 IST" name="TC_03" finished-at="2024-01-20T15:35:14 IST" duration-ms="36746" status="PASS">
          <reporter-output>
          </reporter-output>
        </test-method> <!-- TC_03 -->
        <test-method is-config="true" signature="triggerUrl()[pri:0, instance:com.amazon.testscript.Amazon_UI_Testing@7c7b252e]" started-at="2024-01-20T15:35:14 IST" name="triggerUrl" finished-at="2024-01-20T15:35:19 IST" duration-ms="4353" status="PASS">
          <reporter-output>
          </reporter-output>
        </test-method> <!-- triggerUrl -->
        <test-method signature="TC_04()[pri:3, instance:com.amazon.testscript.Amazon_UI_Testing@7c7b252e]" started-at="2024-01-20T15:35:19 IST" name="TC_04" finished-at="2024-01-20T15:35:33 IST" duration-ms="14420" status="PASS">
          <reporter-output>
          </reporter-output>
        </test-method> <!-- TC_04 -->
        <test-method is-config="true" signature="triggerUrl()[pri:0, instance:com.amazon.testscript.Amazon_UI_Testing@7c7b252e]" started-at="2024-01-20T15:35:33 IST" name="triggerUrl" finished-at="2024-01-20T15:35:37 IST" duration-ms="4114" status="PASS">
          <reporter-output>
          </reporter-output>
        </test-method> <!-- triggerUrl -->
        <test-method signature="TC_05()[pri:4, instance:com.amazon.testscript.Amazon_UI_Testing@7c7b252e]" started-at="2024-01-20T15:35:37 IST" name="TC_05" finished-at="2024-01-20T15:35:41 IST" duration-ms="3568" status="PASS">
          <reporter-output>
          </reporter-output>
        </test-method> <!-- TC_05 -->
        <test-method is-config="true" signature="triggerUrl()[pri:0, instance:com.amazon.testscript.Amazon_UI_Testing@7c7b252e]" started-at="2024-01-20T15:35:41 IST" name="triggerUrl" finished-at="2024-01-20T15:35:45 IST" duration-ms="4476" status="PASS">
          <reporter-output>
          </reporter-output>
        </test-method> <!-- triggerUrl -->
        <test-method signature="TC_06()[pri:5, instance:com.amazon.testscript.Amazon_UI_Testing@7c7b252e]" started-at="2024-01-20T15:35:45 IST" name="TC_06" finished-at="2024-01-20T15:35:54 IST" duration-ms="8348" status="PASS">
          <reporter-output>
            <line>
              <![CDATA[Ratings of the product: 3.9]]>
            </line>
          </reporter-output>
        </test-method> <!-- TC_06 -->
        <test-method is-config="true" signature="triggerUrl()[pri:0, instance:com.amazon.testscript.Amazon_UI_Testing@7c7b252e]" started-at="2024-01-20T15:35:54 IST" name="triggerUrl" finished-at="2024-01-20T15:35:59 IST" duration-ms="5293" status="PASS">
          <reporter-output>
          </reporter-output>
        </test-method> <!-- triggerUrl -->
        <test-method signature="TC_07()[pri:6, instance:com.amazon.testscript.Amazon_UI_Testing@7c7b252e]" started-at="2024-01-20T15:35:59 IST" name="TC_07" finished-at="2024-01-20T15:36:07 IST" duration-ms="8243" status="PASS">
          <reporter-output>
            <line>
              <![CDATA[Material composition]]>
            </line>
            <line>
              <![CDATA[Cotton]]>
            </line>
            <line>
              <![CDATA[Pattern]]>
            </line>
            <line>
              <![CDATA[Striped]]>
            </line>
            <line>
              <![CDATA[Fit type]]>
            </line>
            <line>
              <![CDATA[Regular Fit]]>
            </line>
            <line>
              <![CDATA[Sleeve type]]>
            </line>
            <line>
              <![CDATA[Half Sleeve]]>
            </line>
            <line>
              <![CDATA[Collar style]]>
            </line>
            <line>
              <![CDATA[Club Collar]]>
            </line>
            <line>
              <![CDATA[Length]]>
            </line>
            <line>
              <![CDATA[Standard Length]]>
            </line>
            <line>
              <![CDATA[Country of Origin]]>
            </line>
            <line>
              <![CDATA[India]]>
            </line>
            <line>
              <![CDATA[]]>
            </line>
            <line>
              <![CDATA[]]>
            </line>
            <line>
              <![CDATA[]]>
            </line>
            <line>
              <![CDATA[]]>
            </line>
            <line>
              <![CDATA[]]>
            </line>
            <line>
              <![CDATA[]]>
            </line>
            <line>
              <![CDATA[Cloudsoft innerwear for all day comfort]]>
            </line>
            <line>
              <![CDATA[Stylish Oversized T-Shirt to Wear Everyday]]>
            </line>
            <line>
              <![CDATA[Men's T-Shirt by Levis]]>
            </line>
            <line>
              <![CDATA[]]>
            </line>
            <line>
              <![CDATA[]]>
            </line>
            <line>
              <![CDATA[]]>
            </line>
            <line>
              <![CDATA[]]>
            </line>
            <line>
              <![CDATA[]]>
            </line>
            <line>
              <![CDATA[]]>
            </line>
            <line>
              <![CDATA[]]>
            </line>
            <line>
              <![CDATA[]]>
            </line>
          </reporter-output>
        </test-method> <!-- TC_07 -->
        <test-method is-config="true" signature="triggerUrl()[pri:0, instance:com.amazon.testscript.Amazon_UI_Testing@7c7b252e]" started-at="2024-01-20T15:36:07 IST" name="triggerUrl" finished-at="2024-01-20T15:36:13 IST" duration-ms="5744" status="PASS">
          <reporter-output>
          </reporter-output>
        </test-method> <!-- triggerUrl -->
        <test-method signature="TC_08()[pri:7, instance:com.amazon.testscript.Amazon_UI_Testing@7c7b252e]" started-at="2024-01-20T15:36:13 IST" name="TC_08" finished-at="2024-01-20T15:36:35 IST" duration-ms="21872" status="PASS">
          <reporter-output>
          </reporter-output>
        </test-method> <!-- TC_08 -->
        <test-method is-config="true" signature="triggerUrl()[pri:0, instance:com.amazon.testscript.Amazon_UI_Testing@7c7b252e]" started-at="2024-01-20T15:36:35 IST" name="triggerUrl" finished-at="2024-01-20T15:36:40 IST" duration-ms="5524" status="PASS">
          <reporter-output>
          </reporter-output>
        </test-method> <!-- triggerUrl -->
        <test-method signature="TC_09()[pri:8, instance:com.amazon.testscript.Amazon_UI_Testing@7c7b252e]" started-at="2024-01-20T15:36:40 IST" name="TC_09" finished-at="2024-01-20T15:36:45 IST" duration-ms="4456" status="PASS">
          <reporter-output>
          </reporter-output>
        </test-method> <!-- TC_09 -->
        <test-method is-config="true" signature="triggerUrl()[pri:0, instance:com.amazon.testscript.Amazon_UI_Testing@7c7b252e]" started-at="2024-01-20T15:36:45 IST" name="triggerUrl" finished-at="2024-01-20T15:36:50 IST" duration-ms="5389" status="PASS">
          <reporter-output>
          </reporter-output>
        </test-method> <!-- triggerUrl -->
        <test-method signature="TC_10()[pri:9, instance:com.amazon.testscript.Amazon_UI_Testing@7c7b252e]" started-at="2024-01-20T15:36:50 IST" name="TC_10" finished-at="2024-01-20T15:36:52 IST" duration-ms="1660" status="PASS">
          <reporter-output>
          </reporter-output>
        </test-method> <!-- TC_10 -->
        <test-method is-config="true" signature="triggerUrl()[pri:0, instance:com.amazon.testscript.Amazon_UI_Testing@7c7b252e]" started-at="2024-01-20T15:36:52 IST" name="triggerUrl" finished-at="2024-01-20T15:36:56 IST" duration-ms="4335" status="PASS">
          <reporter-output>
          </reporter-output>
        </test-method> <!-- triggerUrl -->
        <test-method signature="TC_11()[pri:10, instance:com.amazon.testscript.Amazon_UI_Testing@7c7b252e]" started-at="2024-01-20T15:36:56 IST" name="TC_11" finished-at="2024-01-20T15:36:58 IST" duration-ms="1871" status="PASS">
          <reporter-output>
          </reporter-output>
        </test-method> <!-- TC_11 -->
        <test-method is-config="true" signature="triggerUrl()[pri:0, instance:com.amazon.testscript.Amazon_UI_Testing@7c7b252e]" started-at="2024-01-20T15:36:58 IST" name="triggerUrl" finished-at="2024-01-20T15:37:05 IST" duration-ms="6616" status="PASS">
          <reporter-output>
          </reporter-output>
        </test-method> <!-- triggerUrl -->
        <test-method signature="TC_12()[pri:11, instance:com.amazon.testscript.Amazon_UI_Testing@7c7b252e]" started-at="2024-01-20T15:37:05 IST" name="TC_12" finished-at="2024-01-20T15:37:05 IST" duration-ms="648" status="PASS">
          <reporter-output>
          </reporter-output>
        </test-method> <!-- TC_12 -->
        <test-method is-config="true" signature="triggerUrl()[pri:0, instance:com.amazon.testscript.Amazon_UI_Testing@7c7b252e]" started-at="2024-01-20T15:37:05 IST" name="triggerUrl" finished-at="2024-01-20T15:37:10 IST" duration-ms="4624" status="PASS">
          <reporter-output>
          </reporter-output>
        </test-method> <!-- triggerUrl -->
        <test-method signature="TC_13()[pri:12, instance:com.amazon.testscript.Amazon_UI_Testing@7c7b252e]" started-at="2024-01-20T15:37:10 IST" name="TC_13" finished-at="2024-01-20T15:37:19 IST" duration-ms="9111" status="PASS">
          <reporter-output>
            <line>
              <![CDATA[Pass]]>
            </line>
          </reporter-output>
        </test-method> <!-- TC_13 -->
        <test-method is-config="true" signature="triggerUrl()[pri:0, instance:com.amazon.testscript.Amazon_UI_Testing@7c7b252e]" started-at="2024-01-20T15:37:19 IST" name="triggerUrl" finished-at="2024-01-20T15:37:24 IST" duration-ms="4826" status="PASS">
          <reporter-output>
          </reporter-output>
        </test-method> <!-- triggerUrl -->
        <test-method signature="TC_14()[pri:13, instance:com.amazon.testscript.Amazon_UI_Testing@7c7b252e]" started-at="2024-01-20T15:37:24 IST" name="TC_14" finished-at="2024-01-20T15:37:26 IST" duration-ms="2476" status="PASS">
          <reporter-output>
          </reporter-output>
        </test-method> <!-- TC_14 -->
        <test-method is-config="true" signature="triggerUrl()[pri:0, instance:com.amazon.testscript.Amazon_UI_Testing@7c7b252e]" started-at="2024-01-20T15:37:26 IST" name="triggerUrl" finished-at="2024-01-20T15:37:31 IST" duration-ms="4901" status="PASS">
          <reporter-output>
          </reporter-output>
        </test-method> <!-- triggerUrl -->
        <test-method signature="TC_15()[pri:14, instance:com.amazon.testscript.Amazon_UI_Testing@7c7b252e]" started-at="2024-01-20T15:37:31 IST" name="TC_15" finished-at="2024-01-20T15:37:36 IST" duration-ms="4826" status="PASS">
          <reporter-output>
          </reporter-output>
        </test-method> <!-- TC_15 -->
        <test-method is-config="true" signature="triggerUrl()[pri:0, instance:com.amazon.testscript.Amazon_UI_Testing@7c7b252e]" started-at="2024-01-20T15:37:36 IST" name="triggerUrl" finished-at="2024-01-20T15:37:42 IST" duration-ms="5660" status="PASS">
          <reporter-output>
          </reporter-output>
        </test-method> <!-- triggerUrl -->
        <test-method signature="TC_16()[pri:15, instance:com.amazon.testscript.Amazon_UI_Testing@7c7b252e]" started-at="2024-01-20T15:37:42 IST" name="TC_16" finished-at="2024-01-20T15:37:56 IST" duration-ms="13977" status="PASS">
          <reporter-output>
          </reporter-output>
        </test-method> <!-- TC_16 -->
        <test-method is-config="true" signature="triggerUrl()[pri:0, instance:com.amazon.testscript.Amazon_UI_Testing@7c7b252e]" started-at="2024-01-20T15:37:56 IST" name="triggerUrl" finished-at="2024-01-20T15:38:01 IST" duration-ms="5651" status="PASS">
          <reporter-output>
          </reporter-output>
        </test-method> <!-- triggerUrl -->
        <test-method signature="TC_17()[pri:16, instance:com.amazon.testscript.Amazon_UI_Testing@7c7b252e]" started-at="2024-01-20T15:38:01 IST" name="TC_17" finished-at="2024-01-20T15:38:04 IST" duration-ms="3055" status="PASS">
          <reporter-output>
          </reporter-output>
        </test-method> <!-- TC_17 -->
        <test-method is-config="true" signature="triggerUrl()[pri:0, instance:com.amazon.testscript.Amazon_UI_Testing@7c7b252e]" started-at="2024-01-20T15:38:04 IST" name="triggerUrl" finished-at="2024-01-20T15:38:12 IST" duration-ms="8022" status="PASS">
          <reporter-output>
          </reporter-output>
        </test-method> <!-- triggerUrl -->
        <test-method signature="TC_19()[pri:17, instance:com.amazon.testscript.Amazon_UI_Testing@7c7b252e]" started-at="2024-01-20T15:38:12 IST" name="TC_19" finished-at="2024-01-20T15:38:15 IST" duration-ms="3111" status="PASS">
          <reporter-output>
          </reporter-output>
        </test-method> <!-- TC_19 -->
        <test-method is-config="true" signature="triggerUrl()[pri:0, instance:com.amazon.testscript.Amazon_UI_Testing@7c7b252e]" started-at="2024-01-20T15:38:15 IST" name="triggerUrl" finished-at="2024-01-20T15:38:23 IST" duration-ms="7845" status="PASS">
          <reporter-output>
          </reporter-output>
        </test-method> <!-- triggerUrl -->
        <test-method signature="TC_20()[pri:18, instance:com.amazon.testscript.Amazon_UI_Testing@7c7b252e]" started-at="2024-01-20T15:38:23 IST" name="TC_20" finished-at="2024-01-20T15:38:45 IST" duration-ms="22002" status="PASS">
          <reporter-output>
          </reporter-output>
        </test-method> <!-- TC_20 -->
        <test-method is-config="true" signature="triggerUrl()[pri:0, instance:com.amazon.testscript.Amazon_UI_Testing@7c7b252e]" started-at="2024-01-20T15:38:45 IST" name="triggerUrl" finished-at="2024-01-20T15:38:52 IST" duration-ms="6672" status="PASS">
          <reporter-output>
          </reporter-output>
        </test-method> <!-- triggerUrl -->
        <test-method signature="TC_18()[pri:19, instance:com.amazon.testscript.Amazon_UI_Testing@7c7b252e]" started-at="2024-01-20T15:38:52 IST" name="TC_18" finished-at="2024-01-20T15:38:56 IST" duration-ms="4309" status="FAIL">
          <exception class="org.openqa.selenium.ElementClickInterceptedException">
            <message>
              <![CDATA[element click intercepted: Element <span id="icp-save-button-announce" class="a-button-text" aria-hidden="true">...</span> is not clickable at point (232, 499). Other element would receive the click: <input class="a-button-input" type="submit" aria-labelledby="icp-save-button-announce">
  (Session info: chrome=120.0.6099.225)
Build info: version: '4.15.0', revision: '1d14b5521b'
System info: os.name: 'Windows 11', os.arch: 'amd64', os.version: '10.0', java.version: '20.0.1'
Driver info: org.openqa.selenium.chrome.ChromeDriver
Command: [f31e305e617c4bf1db9a4a2b5f8972e7, clickElement {id=4424BD0E2C3D87D73F8890E1BD96D33B_element_157}]
Capabilities {acceptInsecureCerts: false, browserName: chrome, browserVersion: 120.0.6099.225, chrome: {chromedriverVersion: 120.0.6099.109 (3419140ab66..., userDataDir: C:\Users\onlin\AppData\Loca...}, fedcm:accounts: true, goog:chromeOptions: {debuggerAddress: localhost:56031}, networkConnectionEnabled: false, pageLoadStrategy: normal, platformName: windows, proxy: Proxy(), se:cdp: ws://localhost:56031/devtoo..., se:cdpVersion: 120.0.6099.225, setWindowRect: true, strictFileInteractability: false, timeouts: {implicit: 0, pageLoad: 300000, script: 30000}, unhandledPromptBehavior: dismiss and notify, webauthn:extension:credBlob: true, webauthn:extension:largeBlob: true, webauthn:extension:minPinLength: true, webauthn:extension:prf: true, webauthn:virtualAuthenticators: true}
Element: [[ChromeDriver: chrome on windows (f31e305e617c4bf1db9a4a2b5f8972e7)] -> id: icp-save-button-announce]
Session ID: f31e305e617c4bf1db9a4a2b5f8972e7]]>
            </message>
            <full-stacktrace>
              <![CDATA[org.openqa.selenium.ElementClickInterceptedException: element click intercepted: Element <span id="icp-save-button-announce" class="a-button-text" aria-hidden="true">...</span> is not clickable at point (232, 499). Other element would receive the click: <input class="a-button-input" type="submit" aria-labelledby="icp-save-button-announce">
  (Session info: chrome=120.0.6099.225)
Build info: version: '4.15.0', revision: '1d14b5521b'
System info: os.name: 'Windows 11', os.arch: 'amd64', os.version: '10.0', java.version: '20.0.1'
Driver info: org.openqa.selenium.chrome.ChromeDriver
Command: [f31e305e617c4bf1db9a4a2b5f8972e7, clickElement {id=4424BD0E2C3D87D73F8890E1BD96D33B_element_157}]
Capabilities {acceptInsecureCerts: false, browserName: chrome, browserVersion: 120.0.6099.225, chrome: {chromedriverVersion: 120.0.6099.109 (3419140ab66..., userDataDir: C:\Users\onlin\AppData\Loca...}, fedcm:accounts: true, goog:chromeOptions: {debuggerAddress: localhost:56031}, networkConnectionEnabled: false, pageLoadStrategy: normal, platformName: windows, proxy: Proxy(), se:cdp: ws://localhost:56031/devtoo..., se:cdpVersion: 120.0.6099.225, setWindowRect: true, strictFileInteractability: false, timeouts: {implicit: 0, pageLoad: 300000, script: 30000}, unhandledPromptBehavior: dismiss and notify, webauthn:extension:credBlob: true, webauthn:extension:largeBlob: true, webauthn:extension:minPinLength: true, webauthn:extension:prf: true, webauthn:virtualAuthenticators: true}
Element: [[ChromeDriver: chrome on windows (f31e305e617c4bf1db9a4a2b5f8972e7)] -> id: icp-save-button-announce]
Session ID: f31e305e617c4bf1db9a4a2b5f8972e7
at java.base/jdk.internal.reflect.DirectConstructorHandleAccessor.newInstance(DirectConstructorHandleAccessor.java:67)
at java.base/java.lang.reflect.Constructor.newInstanceWithCaller(Constructor.java:500)
at java.base/java.lang.reflect.Constructor.newInstance(Constructor.java:484)
at org.openqa.selenium.remote.codec.w3c.W3CHttpResponseCodec.createException(W3CHttpResponseCodec.java:200)
at org.openqa.selenium.remote.codec.w3c.W3CHttpResponseCodec.decode(W3CHttpResponseCodec.java:133)
at org.openqa.selenium.remote.codec.w3c.W3CHttpResponseCodec.decode(W3CHttpResponseCodec.java:52)
at org.openqa.selenium.remote.HttpCommandExecutor.execute(HttpCommandExecutor.java:191)
at org.openqa.selenium.remote.service.DriverCommandExecutor.invokeExecute(DriverCommandExecutor.java:200)
at org.openqa.selenium.remote.service.DriverCommandExecutor.execute(DriverCommandExecutor.java:175)
at org.openqa.selenium.remote.RemoteWebDriver.execute(RemoteWebDriver.java:607)
at org.openqa.selenium.remote.RemoteWebElement.execute(RemoteWebElement.java:224)
at org.openqa.selenium.remote.RemoteWebElement.click(RemoteWebElement.java:77)
at java.base/jdk.internal.reflect.DirectMethodHandleAccessor.invoke(DirectMethodHandleAccessor.java:104)
at java.base/java.lang.reflect.Method.invoke(Method.java:578)
at org.openqa.selenium.support.pagefactory.internal.LocatingElementHandler.invoke(LocatingElementHandler.java:51)
at jdk.proxy2/jdk.proxy2.$Proxy13.click(Unknown Source)
at com.amazon.testscript.Amazon_UI_Testing.TC_18(Amazon_UI_Testing.java:210)
at java.base/jdk.internal.reflect.DirectMethodHandleAccessor.invoke(DirectMethodHandleAccessor.java:104)
at java.base/java.lang.reflect.Method.invoke(Method.java:578)
at org.testng.internal.invokers.MethodInvocationHelper.invokeMethod(MethodInvocationHelper.java:139)
at org.testng.internal.invokers.TestInvoker.invokeMethod(TestInvoker.java:677)
at org.testng.internal.invokers.TestInvoker.invokeTestMethod(TestInvoker.java:221)
at org.testng.internal.invokers.MethodRunner.runInSequence(MethodRunner.java:50)
at org.testng.internal.invokers.TestInvoker$MethodInvocationAgent.invoke(TestInvoker.java:969)
at org.testng.internal.invokers.TestInvoker.invokeTestMethods(TestInvoker.java:194)
at org.testng.internal.invokers.TestMethodWorker.invokeTestMethods(TestMethodWorker.java:148)
at org.testng.internal.invokers.TestMethodWorker.run(TestMethodWorker.java:128)
at java.base/java.util.ArrayList.forEach(ArrayList.java:1511)
at org.testng.TestRunner.privateRun(TestRunner.java:829)
at org.testng.TestRunner.run(TestRunner.java:602)
at org.testng.SuiteRunner.runTest(SuiteRunner.java:437)
at org.testng.SuiteRunner.runSequentially(SuiteRunner.java:431)
at org.testng.SuiteRunner.privateRun(SuiteRunner.java:391)
at org.testng.SuiteRunner.run(SuiteRunner.java:330)
at org.testng.SuiteRunnerWorker.runSuite(SuiteRunnerWorker.java:52)
at org.testng.SuiteRunnerWorker.run(SuiteRunnerWorker.java:95)
at org.testng.TestNG.runSuitesSequentially(TestNG.java:1256)
at org.testng.TestNG.runSuitesLocally(TestNG.java:1176)
at org.testng.TestNG.runSuites(TestNG.java:1099)
at org.testng.TestNG.run(TestNG.java:1067)
at org.testng.remote.AbstractRemoteTestNG.run(AbstractRemoteTestNG.java:115)
at org.testng.remote.RemoteTestNG.initAndRun(RemoteTestNG.java:251)
at org.testng.remote.RemoteTestNG.main(RemoteTestNG.java:77)
]]>
            </full-stacktrace>
          </exception> <!-- org.openqa.selenium.ElementClickInterceptedException -->
          <reporter-output>
          </reporter-output>
        </test-method> <!-- TC_18 -->
        <test-method is-config="true" signature="closeBrowser()[pri:0, instance:com.amazon.testscript.Amazon_UI_Testing@7c7b252e]" started-at="2024-01-20T15:38:56 IST" name="closeBrowser" finished-at="2024-01-20T15:38:57 IST" duration-ms="483" status="PASS">
          <reporter-output>
          </reporter-output>
        </test-method> <!-- closeBrowser -->
      </class> <!-- com.amazon.testscript.Amazon_UI_Testing -->
    </test> <!-- Default test -->
  </suite> <!-- Default suite -->
</testng-results>
