<?xml version="1.0" encoding="UTF-8"?>
<testng-results ignored="0" total="20" passed="20" failed="0" skipped="0">
  <reporter-output>
    <line>
      <![CDATA[Ratings of the product: 3.9]]>
    </line>
    <line>
      <![CDATA[Material composition]]>
    </line>
    <line>
      <![CDATA[Cotton]]>
    </line>
    <line>
      <![CDATA[Pattern]]>
    </line>
    <line>
      <![CDATA[Striped]]>
    </line>
    <line>
      <![CDATA[Fit type]]>
    </line>
    <line>
      <![CDATA[Regular Fit]]>
    </line>
    <line>
      <![CDATA[Sleeve type]]>
    </line>
    <line>
      <![CDATA[Half Sleeve]]>
    </line>
    <line>
      <![CDATA[Collar style]]>
    </line>
    <line>
      <![CDATA[Club Collar]]>
    </line>
    <line>
      <![CDATA[Length]]>
    </line>
    <line>
      <![CDATA[Standard Length]]>
    </line>
    <line>
      <![CDATA[Country of Origin]]>
    </line>
    <line>
      <![CDATA[India]]>
    </line>
    <line>
      <![CDATA[]]>
    </line>
    <line>
      <![CDATA[]]>
    </line>
    <line>
      <![CDATA[]]>
    </line>
    <line>
      <![CDATA[]]>
    </line>
    <line>
      <![CDATA[]]>
    </line>
    <line>
      <![CDATA[]]>
    </line>
    <line>
      <![CDATA[Easy breezy effortless summer styles]]>
    </line>
    <line>
      <![CDATA[Cloudsoft innerwear for all day comfort]]>
    </line>
    <line>
      <![CDATA[Stylish Oversized T-Shirt to Wear Everyday]]>
    </line>
    <line>
      <![CDATA[]]>
    </line>
    <line>
      <![CDATA[]]>
    </line>
    <line>
      <![CDATA[]]>
    </line>
    <line>
      <![CDATA[]]>
    </line>
    <line>
      <![CDATA[]]>
    </line>
    <line>
      <![CDATA[]]>
    </line>
    <line>
      <![CDATA[]]>
    </line>
    <line>
      <![CDATA[]]>
    </line>
    <line>
      <![CDATA[]]>
    </line>
    <line>
      <![CDATA[Pass]]>
    </line>
    <line>
      <![CDATA[HI]]>
    </line>
  </reporter-output>
  <suite started-at="2024-01-20T19:19:52 IST" name="Default suite" finished-at="2024-01-20T19:23:48 IST" duration-ms="236107">
    <groups>
    </groups>
    <test started-at="2024-01-20T19:19:52 IST" name="Default test" finished-at="2024-01-20T19:23:48 IST" duration-ms="236107">
      <class name="com.amazon.testscript.Amazon_UI_Testing">
        <test-method is-config="true" signature="openBrowser()[pri:0, instance:com.amazon.testscript.Amazon_UI_Testing@7c7b252e]" started-at="2024-01-20T19:19:52 IST" name="openBrowser" finished-at="2024-01-20T19:19:54 IST" duration-ms="2588" status="PASS">
          <reporter-output>
          </reporter-output>
        </test-method> <!-- openBrowser -->
        <test-method is-config="true" signature="triggerUrl()[pri:0, instance:com.amazon.testscript.Amazon_UI_Testing@7c7b252e]" started-at="2024-01-20T19:19:54 IST" name="triggerUrl" finished-at="2024-01-20T19:19:59 IST" duration-ms="4345" status="PASS">
          <reporter-output>
          </reporter-output>
        </test-method> <!-- triggerUrl -->
        <test-method signature="TC_01()[pri:0, instance:com.amazon.testscript.Amazon_UI_Testing@7c7b252e]" started-at="2024-01-20T19:19:59 IST" name="TC_01" finished-at="2024-01-20T19:20:19 IST" duration-ms="20806" status="PASS">
          <reporter-output>
          </reporter-output>
        </test-method> <!-- TC_01 -->
        <test-method is-config="true" signature="triggerUrl()[pri:0, instance:com.amazon.testscript.Amazon_UI_Testing@7c7b252e]" started-at="2024-01-20T19:20:19 IST" name="triggerUrl" finished-at="2024-01-20T19:20:23 IST" duration-ms="4117" status="PASS">
          <reporter-output>
          </reporter-output>
        </test-method> <!-- triggerUrl -->
        <test-method signature="TC_02()[pri:1, instance:com.amazon.testscript.Amazon_UI_Testing@7c7b252e]" started-at="2024-01-20T19:20:23 IST" name="TC_02" finished-at="2024-01-20T19:20:46 IST" duration-ms="22211" status="PASS">
          <reporter-output>
          </reporter-output>
        </test-method> <!-- TC_02 -->
        <test-method is-config="true" signature="triggerUrl()[pri:0, instance:com.amazon.testscript.Amazon_UI_Testing@7c7b252e]" started-at="2024-01-20T19:20:46 IST" name="triggerUrl" finished-at="2024-01-20T19:20:50 IST" duration-ms="4205" status="PASS">
          <reporter-output>
          </reporter-output>
        </test-method> <!-- triggerUrl -->
        <test-method signature="TC_03()[pri:2, instance:com.amazon.testscript.Amazon_UI_Testing@7c7b252e]" started-at="2024-01-20T19:20:50 IST" name="TC_03" finished-at="2024-01-20T19:20:54 IST" duration-ms="3909" status="PASS">
          <reporter-output>
          </reporter-output>
        </test-method> <!-- TC_03 -->
        <test-method is-config="true" signature="triggerUrl()[pri:0, instance:com.amazon.testscript.Amazon_UI_Testing@7c7b252e]" started-at="2024-01-20T19:20:54 IST" name="triggerUrl" finished-at="2024-01-20T19:20:58 IST" duration-ms="4169" status="PASS">
          <reporter-output>
          </reporter-output>
        </test-method> <!-- triggerUrl -->
        <test-method signature="TC_04()[pri:3, instance:com.amazon.testscript.Amazon_UI_Testing@7c7b252e]" started-at="2024-01-20T19:20:58 IST" name="TC_04" finished-at="2024-01-20T19:21:10 IST" duration-ms="12184" status="PASS">
          <reporter-output>
          </reporter-output>
        </test-method> <!-- TC_04 -->
        <test-method is-config="true" signature="triggerUrl()[pri:0, instance:com.amazon.testscript.Amazon_UI_Testing@7c7b252e]" started-at="2024-01-20T19:21:10 IST" name="triggerUrl" finished-at="2024-01-20T19:21:14 IST" duration-ms="4241" status="PASS">
          <reporter-output>
          </reporter-output>
        </test-method> <!-- triggerUrl -->
        <test-method signature="TC_05()[pri:4, instance:com.amazon.testscript.Amazon_UI_Testing@7c7b252e]" started-at="2024-01-20T19:21:14 IST" name="TC_05" finished-at="2024-01-20T19:21:19 IST" duration-ms="4344" status="PASS">
          <reporter-output>
          </reporter-output>
        </test-method> <!-- TC_05 -->
        <test-method is-config="true" signature="triggerUrl()[pri:0, instance:com.amazon.testscript.Amazon_UI_Testing@7c7b252e]" started-at="2024-01-20T19:21:19 IST" name="triggerUrl" finished-at="2024-01-20T19:21:23 IST" duration-ms="4304" status="PASS">
          <reporter-output>
          </reporter-output>
        </test-method> <!-- triggerUrl -->
        <test-method signature="TC_06()[pri:5, instance:com.amazon.testscript.Amazon_UI_Testing@7c7b252e]" started-at="2024-01-20T19:21:23 IST" name="TC_06" finished-at="2024-01-20T19:21:30 IST" duration-ms="7398" status="PASS">
          <reporter-output>
            <line>
              <![CDATA[Ratings of the product: 3.9]]>
            </line>
          </reporter-output>
        </test-method> <!-- TC_06 -->
        <test-method is-config="true" signature="triggerUrl()[pri:0, instance:com.amazon.testscript.Amazon_UI_Testing@7c7b252e]" started-at="2024-01-20T19:21:30 IST" name="triggerUrl" finished-at="2024-01-20T19:21:35 IST" duration-ms="4357" status="PASS">
          <reporter-output>
          </reporter-output>
        </test-method> <!-- triggerUrl -->
        <test-method signature="TC_07()[pri:6, instance:com.amazon.testscript.Amazon_UI_Testing@7c7b252e]" started-at="2024-01-20T19:21:35 IST" name="TC_07" finished-at="2024-01-20T19:21:45 IST" duration-ms="10200" status="PASS">
          <reporter-output>
            <line>
              <![CDATA[Material composition]]>
            </line>
            <line>
              <![CDATA[Cotton]]>
            </line>
            <line>
              <![CDATA[Pattern]]>
            </line>
            <line>
              <![CDATA[Striped]]>
            </line>
            <line>
              <![CDATA[Fit type]]>
            </line>
            <line>
              <![CDATA[Regular Fit]]>
            </line>
            <line>
              <![CDATA[Sleeve type]]>
            </line>
            <line>
              <![CDATA[Half Sleeve]]>
            </line>
            <line>
              <![CDATA[Collar style]]>
            </line>
            <line>
              <![CDATA[Club Collar]]>
            </line>
            <line>
              <![CDATA[Length]]>
            </line>
            <line>
              <![CDATA[Standard Length]]>
            </line>
            <line>
              <![CDATA[Country of Origin]]>
            </line>
            <line>
              <![CDATA[India]]>
            </line>
            <line>
              <![CDATA[]]>
            </line>
            <line>
              <![CDATA[]]>
            </line>
            <line>
              <![CDATA[]]>
            </line>
            <line>
              <![CDATA[]]>
            </line>
            <line>
              <![CDATA[]]>
            </line>
            <line>
              <![CDATA[]]>
            </line>
            <line>
              <![CDATA[Easy breezy effortless summer styles]]>
            </line>
            <line>
              <![CDATA[Cloudsoft innerwear for all day comfort]]>
            </line>
            <line>
              <![CDATA[Stylish Oversized T-Shirt to Wear Everyday]]>
            </line>
            <line>
              <![CDATA[]]>
            </line>
            <line>
              <![CDATA[]]>
            </line>
            <line>
              <![CDATA[]]>
            </line>
            <line>
              <![CDATA[]]>
            </line>
            <line>
              <![CDATA[]]>
            </line>
            <line>
              <![CDATA[]]>
            </line>
            <line>
              <![CDATA[]]>
            </line>
            <line>
              <![CDATA[]]>
            </line>
            <line>
              <![CDATA[]]>
            </line>
          </reporter-output>
        </test-method> <!-- TC_07 -->
        <test-method is-config="true" signature="triggerUrl()[pri:0, instance:com.amazon.testscript.Amazon_UI_Testing@7c7b252e]" started-at="2024-01-20T19:21:45 IST" name="triggerUrl" finished-at="2024-01-20T19:21:49 IST" duration-ms="4443" status="PASS">
          <reporter-output>
          </reporter-output>
        </test-method> <!-- triggerUrl -->
        <test-method signature="TC_08()[pri:7, instance:com.amazon.testscript.Amazon_UI_Testing@7c7b252e]" started-at="2024-01-20T19:21:49 IST" name="TC_08" finished-at="2024-01-20T19:22:05 IST" duration-ms="15705" status="PASS">
          <reporter-output>
          </reporter-output>
        </test-method> <!-- TC_08 -->
        <test-method is-config="true" signature="triggerUrl()[pri:0, instance:com.amazon.testscript.Amazon_UI_Testing@7c7b252e]" started-at="2024-01-20T19:22:05 IST" name="triggerUrl" finished-at="2024-01-20T19:22:10 IST" duration-ms="4412" status="PASS">
          <reporter-output>
          </reporter-output>
        </test-method> <!-- triggerUrl -->
        <test-method signature="TC_09()[pri:8, instance:com.amazon.testscript.Amazon_UI_Testing@7c7b252e]" started-at="2024-01-20T19:22:10 IST" name="TC_09" finished-at="2024-01-20T19:22:12 IST" duration-ms="2842" status="PASS">
          <reporter-output>
          </reporter-output>
        </test-method> <!-- TC_09 -->
        <test-method is-config="true" signature="triggerUrl()[pri:0, instance:com.amazon.testscript.Amazon_UI_Testing@7c7b252e]" started-at="2024-01-20T19:22:12 IST" name="triggerUrl" finished-at="2024-01-20T19:22:17 IST" duration-ms="4274" status="PASS">
          <reporter-output>
          </reporter-output>
        </test-method> <!-- triggerUrl -->
        <test-method signature="TC_10()[pri:9, instance:com.amazon.testscript.Amazon_UI_Testing@7c7b252e]" started-at="2024-01-20T19:22:17 IST" name="TC_10" finished-at="2024-01-20T19:22:19 IST" duration-ms="2121" status="PASS">
          <reporter-output>
          </reporter-output>
        </test-method> <!-- TC_10 -->
        <test-method is-config="true" signature="triggerUrl()[pri:0, instance:com.amazon.testscript.Amazon_UI_Testing@7c7b252e]" started-at="2024-01-20T19:22:19 IST" name="triggerUrl" finished-at="2024-01-20T19:22:24 IST" duration-ms="4768" status="PASS">
          <reporter-output>
          </reporter-output>
        </test-method> <!-- triggerUrl -->
        <test-method signature="TC_11()[pri:10, instance:com.amazon.testscript.Amazon_UI_Testing@7c7b252e]" started-at="2024-01-20T19:22:24 IST" name="TC_11" finished-at="2024-01-20T19:22:25 IST" duration-ms="1929" status="PASS">
          <reporter-output>
          </reporter-output>
        </test-method> <!-- TC_11 -->
        <test-method is-config="true" signature="triggerUrl()[pri:0, instance:com.amazon.testscript.Amazon_UI_Testing@7c7b252e]" started-at="2024-01-20T19:22:25 IST" name="triggerUrl" finished-at="2024-01-20T19:22:30 IST" duration-ms="4384" status="PASS">
          <reporter-output>
          </reporter-output>
        </test-method> <!-- triggerUrl -->
        <test-method signature="TC_12()[pri:11, instance:com.amazon.testscript.Amazon_UI_Testing@7c7b252e]" started-at="2024-01-20T19:22:30 IST" name="TC_12" finished-at="2024-01-20T19:22:31 IST" duration-ms="1367" status="PASS">
          <reporter-output>
          </reporter-output>
        </test-method> <!-- TC_12 -->
        <test-method is-config="true" signature="triggerUrl()[pri:0, instance:com.amazon.testscript.Amazon_UI_Testing@7c7b252e]" started-at="2024-01-20T19:22:31 IST" name="triggerUrl" finished-at="2024-01-20T19:22:35 IST" duration-ms="4116" status="PASS">
          <reporter-output>
          </reporter-output>
        </test-method> <!-- triggerUrl -->
        <test-method signature="TC_13()[pri:12, instance:com.amazon.testscript.Amazon_UI_Testing@7c7b252e]" started-at="2024-01-20T19:22:35 IST" name="TC_13" finished-at="2024-01-20T19:22:41 IST" duration-ms="5286" status="PASS">
          <reporter-output>
            <line>
              <![CDATA[Pass]]>
            </line>
          </reporter-output>
        </test-method> <!-- TC_13 -->
        <test-method is-config="true" signature="triggerUrl()[pri:0, instance:com.amazon.testscript.Amazon_UI_Testing@7c7b252e]" started-at="2024-01-20T19:22:41 IST" name="triggerUrl" finished-at="2024-01-20T19:22:45 IST" duration-ms="4124" status="PASS">
          <reporter-output>
          </reporter-output>
        </test-method> <!-- triggerUrl -->
        <test-method signature="TC_14()[pri:13, instance:com.amazon.testscript.Amazon_UI_Testing@7c7b252e]" started-at="2024-01-20T19:22:45 IST" name="TC_14" finished-at="2024-01-20T19:22:48 IST" duration-ms="3042" status="PASS">
          <reporter-output>
          </reporter-output>
        </test-method> <!-- TC_14 -->
        <test-method is-config="true" signature="triggerUrl()[pri:0, instance:com.amazon.testscript.Amazon_UI_Testing@7c7b252e]" started-at="2024-01-20T19:22:48 IST" name="triggerUrl" finished-at="2024-01-20T19:22:52 IST" duration-ms="4068" status="PASS">
          <reporter-output>
          </reporter-output>
        </test-method> <!-- triggerUrl -->
        <test-method signature="TC_15()[pri:14, instance:com.amazon.testscript.Amazon_UI_Testing@7c7b252e]" started-at="2024-01-20T19:22:52 IST" name="TC_15" finished-at="2024-01-20T19:22:55 IST" duration-ms="2972" status="PASS">
          <reporter-output>
          </reporter-output>
        </test-method> <!-- TC_15 -->
        <test-method is-config="true" signature="triggerUrl()[pri:0, instance:com.amazon.testscript.Amazon_UI_Testing@7c7b252e]" started-at="2024-01-20T19:22:55 IST" name="triggerUrl" finished-at="2024-01-20T19:22:59 IST" duration-ms="4465" status="PASS">
          <reporter-output>
          </reporter-output>
        </test-method> <!-- triggerUrl -->
        <test-method signature="TC_16()[pri:15, instance:com.amazon.testscript.Amazon_UI_Testing@7c7b252e]" started-at="2024-01-20T19:22:59 IST" name="TC_16" finished-at="2024-01-20T19:23:12 IST" duration-ms="12720" status="PASS">
          <reporter-output>
          </reporter-output>
        </test-method> <!-- TC_16 -->
        <test-method is-config="true" signature="triggerUrl()[pri:0, instance:com.amazon.testscript.Amazon_UI_Testing@7c7b252e]" started-at="2024-01-20T19:23:12 IST" name="triggerUrl" finished-at="2024-01-20T19:23:16 IST" duration-ms="4201" status="PASS">
          <reporter-output>
          </reporter-output>
        </test-method> <!-- triggerUrl -->
        <test-method signature="TC_17()[pri:16, instance:com.amazon.testscript.Amazon_UI_Testing@7c7b252e]" started-at="2024-01-20T19:23:16 IST" name="TC_17" finished-at="2024-01-20T19:23:19 IST" duration-ms="2728" status="PASS">
          <reporter-output>
          </reporter-output>
        </test-method> <!-- TC_17 -->
        <test-method is-config="true" signature="triggerUrl()[pri:0, instance:com.amazon.testscript.Amazon_UI_Testing@7c7b252e]" started-at="2024-01-20T19:23:19 IST" name="triggerUrl" finished-at="2024-01-20T19:23:23 IST" duration-ms="4195" status="PASS">
          <reporter-output>
          </reporter-output>
        </test-method> <!-- triggerUrl -->
        <test-method signature="TC_19()[pri:17, instance:com.amazon.testscript.Amazon_UI_Testing@7c7b252e]" started-at="2024-01-20T19:23:23 IST" name="TC_19" finished-at="2024-01-20T19:23:27 IST" duration-ms="3519" status="PASS">
          <reporter-output>
          </reporter-output>
        </test-method> <!-- TC_19 -->
        <test-method is-config="true" signature="triggerUrl()[pri:0, instance:com.amazon.testscript.Amazon_UI_Testing@7c7b252e]" started-at="2024-01-20T19:23:27 IST" name="triggerUrl" finished-at="2024-01-20T19:23:31 IST" duration-ms="4079" status="PASS">
          <reporter-output>
          </reporter-output>
        </test-method> <!-- triggerUrl -->
        <test-method signature="TC_20()[pri:18, instance:com.amazon.testscript.Amazon_UI_Testing@7c7b252e]" started-at="2024-01-20T19:23:31 IST" name="TC_20" finished-at="2024-01-20T19:23:37 IST" duration-ms="5914" status="PASS">
          <reporter-output>
          </reporter-output>
        </test-method> <!-- TC_20 -->
        <test-method is-config="true" signature="triggerUrl()[pri:0, instance:com.amazon.testscript.Amazon_UI_Testing@7c7b252e]" started-at="2024-01-20T19:23:37 IST" name="triggerUrl" finished-at="2024-01-20T19:23:41 IST" duration-ms="4399" status="PASS">
          <reporter-output>
          </reporter-output>
        </test-method> <!-- triggerUrl -->
        <test-method signature="TC_18()[pri:19, instance:com.amazon.testscript.Amazon_UI_Testing@7c7b252e]" started-at="2024-01-20T19:23:41 IST" name="TC_18" finished-at="2024-01-20T19:23:47 IST" duration-ms="6015" status="PASS">
          <reporter-output>
            <line>
              <![CDATA[HI]]>
            </line>
          </reporter-output>
        </test-method> <!-- TC_18 -->
        <test-method is-config="true" signature="closeBrowser()[pri:0, instance:com.amazon.testscript.Amazon_UI_Testing@7c7b252e]" started-at="2024-01-20T19:23:47 IST" name="closeBrowser" finished-at="2024-01-20T19:23:48 IST" duration-ms="526" status="PASS">
          <reporter-output>
          </reporter-output>
        </test-method> <!-- closeBrowser -->
      </class> <!-- com.amazon.testscript.Amazon_UI_Testing -->
    </test> <!-- Default test -->
  </suite> <!-- Default suite -->
</testng-results>
